<?xml version="1.0" encoding="UTF-8"?>
<testsuite name="com.example.testClasses.SampleTest" tests="1" skipped="0" failures="0" errors="0" timestamp="2023-09-05T15:15:00" hostname="Apples-MacBook-Pro.local" time="10.85">
  <properties/>
  <testcase name="SamplePage" classname="com.example.testClasses.SampleTest" time="10.85"/>
  <system-out><![CDATA[]]></system-out>
  <system-err><![CDATA[[Test worker] INFO io.github.bonigarcia.wdm.WebDriverManager - Using chromedriver 116.0.5845.96 (resolved driver for Chrome 116)
[Test worker] INFO io.github.bonigarcia.wdm.WebDriverManager - Exporting webdriver.chrome.driver as /Users/apple/.cache/selenium/chromedriver/mac64/116.0.5845.96/chromedriver
Starting ChromeDriver 116.0.5845.96 (1a391816688002153ef791ffe60d9e899a71a037-refs/branch-heads/5845@{#1382}) on port 7114
Only local connections are allowed.
Please see https://chromedriver.chromium.org/security-considerations for suggestions on keeping ChromeDriver safe.
ChromeDriver was started successfully.
Sept 05, 2023 8:45:08 PM org.openqa.selenium.remote.ProtocolHandshake createSession
INFO: Detected dialect: W3C
]]></system-err>
</testsuite>
