<?xml version="1.0" encoding="UTF-8"?>
<testsuite name="com.example.testClasses.SampleTest" tests="1" skipped="0" failures="0" errors="0" timestamp="2023-09-14T14:07:33" hostname="Apples-MacBook-Pro.local" time="20.637">
  <properties/>
  <testcase name="SamplePage" classname="com.example.testClasses.SampleTest" time="20.637"/>
  <system-out><![CDATA[]]></system-out>
  <system-err><![CDATA[[Test worker] INFO io.github.bonigarcia.wdm.WebDriverManager - Using chromedriver 117.0.5938.62 (resolved driver for Chrome 117)
[Test worker] INFO io.github.bonigarcia.wdm.online.Downloader - Downloading https://edgedl.me.gvt1.com/edgedl/chrome/chrome-for-testing/117.0.5938.62/mac-x64/chromedriver-mac-x64.zip
[Test worker] INFO io.github.bonigarcia.wdm.online.Downloader - Extracting driver from compressed file chromedriver-mac-x64.zip
[Test worker] INFO io.github.bonigarcia.wdm.WebDriverManager - Exporting webdriver.chrome.driver as /Users/apple/.cache/selenium/chromedriver/mac64/117.0.5938.62/chromedriver
Starting ChromeDriver 117.0.5938.62 (25a7172909a4cba7355365cf424d7d7eb35231f4-refs/branch-heads/5938@{#1146}) on port 3000
Only local connections are allowed.
Please see https://chromedriver.chromium.org/security-considerations for suggestions on keeping ChromeDriver safe.
ChromeDriver was started successfully.
Sep 14, 2023 7:37:45 PM org.openqa.selenium.remote.ProtocolHandshake createSession
INFO: Detected dialect: W3C
]]></system-err>
</testsuite>
